<?xml version="1.0" encoding="UTF-8"?>
<testsuite name="co.com.tcs.prueba.runners.ValidateCartData" tests="0" skipped="0" failures="0" errors="0" timestamp="1970-01-01T00:00:00" hostname="DESKTOP-LBLQDIH" time="0.0">
  <properties/>
  <system-out><![CDATA[
?[31mFailed scenarios:?[0m
?[31msrc/test/resources/features/validate_cart_data.feature:14 ?[0m# Remove products from cart

1 Scenarios (?[31m1 failed?[0m)
5 Steps (?[31m1 failed?[0m, ?[32m4 passed?[0m)
0m46,506s

java.lang.AssertionError: 
Expected: "No hay productos en tu carrito"
     but: was "NO TIENES PRODUCTOS EN TU CARRITO"
	at net.serenitybdd.screenplay.ErrorTally.throwSummaryExceptionFrom(ErrorTally.java:36)
	at net.serenitybdd.screenplay.ErrorTally.reportAnyErrors(ErrorTally.java:30)
	at net.serenitybdd.screenplay.Actor.should(Actor.java:300)
	at co.com.tcs.prueba.stepsdefinitions.ValidateCartDataStepsDefinitions.theUserShouldSeeTheMessage(ValidateCartDataStepsDefinitions.java:57)
	at ?.the user should see the message No hay productos en tu carrito(src/test/resources/features/validate_cart_data.feature:19)

]]></system-out>
  <system-err><![CDATA[SLF4J: Failed to load class "org.slf4j.impl.StaticLoggerBinder".
SLF4J: Defaulting to no-operation (NOP) logger implementation
SLF4J: See http://www.slf4j.org/codes.html#StaticLoggerBinder for further details.
]]></system-err>
</testsuite>
