<?xml version="1.0" encoding="UTF-8"?>
<testsuite name="Select products by category and section add to cart and remove products from cart" tests="1" skipped="0" failures="1" errors="0" timestamp="2022-05-17T11:04:34" hostname="DESKTOP-LBLQDIH" time="46.129">
  <properties/>
  <testcase name="Remove products from cart" classname="Select products by category and section add to cart and remove products from cart" time="46.129">
    <failure message="java.lang.AssertionError: &#10;Expected: &quot;No hay productos en tu carrito&quot;&#10;     but: was &quot;NO TIENES PRODUCTOS EN TU CARRITO&quot;" type="java.lang.AssertionError">java.lang.AssertionError: 
Expected: &quot;No hay productos en tu carrito&quot;
     but: was &quot;NO TIENES PRODUCTOS EN TU CARRITO&quot;
	at net.serenitybdd.screenplay.ErrorTally.throwSummaryExceptionFrom(ErrorTally.java:36)
	at net.serenitybdd.screenplay.ErrorTally.reportAnyErrors(ErrorTally.java:30)
	at net.serenitybdd.screenplay.Actor.should(Actor.java:300)
	at co.com.tcs.prueba.stepsdefinitions.ValidateCartDataStepsDefinitions.theUserShouldSeeTheMessage(ValidateCartDataStepsDefinitions.java:57)
	at ✽.the user should see the message No hay productos en tu carrito(src/test/resources/features/validate_cart_data.feature:19)
</failure>
  </testcase>
  <system-out><![CDATA[]]></system-out>
  <system-err><![CDATA[may 17, 2022 6:04:35 AM org.openqa.selenium.remote.DesiredCapabilities chrome
INFORMACIÓN: Using `new ChromeOptions()` is preferred to `DesiredCapabilities.chrome()`
Starting ChromeDriver 101.0.4951.41 (93c720db8323b3ec10d056025ab95c23a31997c9-refs/branch-heads/4951@{#904}) on port 41601
Only local connections are allowed.
Please see https://chromedriver.chromium.org/security-considerations for suggestions on keeping ChromeDriver safe.
ChromeDriver was started successfully.
may 17, 2022 6:04:57 AM org.openqa.selenium.remote.ProtocolHandshake createSession
INFORMACIÓN: Detected dialect: W3C
]]></system-err>
</testsuite>
